<?xml version="1.0" encoding="UTF-8"?>
<!-- Generated by org.testng.reporters.JUnitReportReporter -->
<testsuite skipped="0" hostname="strandss-MacBook-Pro.local" name="annotations.TestClassOne" tests="2" failures="0" timestamp="01 Sep 2020 07:07:52 GMT" time="0.002" errors="0">
  <testcase name="testBTestClassOne" time="0.001" classname="annotations.TestClassOne"/>
  <testcase name="testATestClassOne" time="0.001" classname="annotations.TestClassOne"/>
</testsuite> <!-- annotations.TestClassOne -->
