<?xml version="1.0" encoding="UTF-8"?>
<!-- Generated by org.testng.reporters.JUnitReportReporter -->
<testsuite skipped="0" hostname="strandss-MacBook-Pro.local" name="annotations.TestClassTwo" tests="2" failures="0" timestamp="01 Sep 2020 07:08:02 GMT" time="0.002" errors="0">
  <testcase name="testBTestClassTwo" time="0.000" classname="annotations.TestClassTwo"/>
  <testcase name="testATestClassTwo" time="0.002" classname="annotations.TestClassTwo"/>
</testsuite> <!-- annotations.TestClassTwo -->
