<?xml version="1.0" encoding="UTF-8"?>
<!-- Generated by org.testng.reporters.JUnitReportReporter -->
<testsuite skipped="0" hostname="strandss-MacBook-Pro.local" name="annotations.TestAnnotation" tests="1" failures="0" timestamp="01 Sep 2020 07:07:57 GMT" time="0.000" errors="0">
  <testcase name="annotationMethod" time="0.000" classname="annotations.TestAnnotation"/>
</testsuite> <!-- annotations.TestAnnotation -->
